\BOOKMARK [2][-]{subsection.0.1}{Darstellung von Source-Code}{}% 1
\BOOKMARK [2][-]{subsection.0.2}{Macros f\374r Abk\374rzungen}{}% 2
\BOOKMARK [1][-]{section.1}{Einleitung}{}% 3
\BOOKMARK [1][-]{section.2}{Einf\374hrung in die Programmiersprache Julia}{}% 4
\BOOKMARK [2][-]{subsection.2.1}{\334bersicht}{section.2}% 5
\BOOKMARK [2][-]{subsection.2.2}{Typensystem und Multimethoden}{section.2}% 6
\BOOKMARK [2][-]{subsection.2.3}{Metapr. - eine Hommage an Lisp}{section.2}% 7
\BOOKMARK [2][-]{subsection.2.4}{JIT Compiler auf Basis von LLVM}{section.2}% 8
\BOOKMARK [2][-]{subsection.2.5}{Interne und externe Bibliotheken}{section.2}% 9
\BOOKMARK [1][-]{section.3}{Parallele Programmierung mit Julia}{}% 10
\BOOKMARK [2][-]{subsection.3.1}{Remote-Aufrufe und -Referenzen}{section.3}% 11
\BOOKMARK [2][-]{subsection.3.2}{@Spawnat und @Spawn}{section.3}% 12
\BOOKMARK [2][-]{subsection.3.3}{Parallele Map und For-Schleife}{section.3}% 13
\BOOKMARK [2][-]{subsection.3.4}{Shared und Distributed Arrays}{section.3}% 14
\BOOKMARK [2][-]{subsection.3.5}{vertiefende Themen zum parallelen Programmieren}{section.3}% 15
\BOOKMARK [2][-]{subsection.3.6}{Softwarewerkzeuge}{section.3}% 16
\BOOKMARK [1][-]{section.4}{Bewertung der HPC-Eignung von Julia}{}% 17
\BOOKMARK [2][-]{subsection.4.1}{Laufzeittests gegen C und Python f\374r sequenzielle Probleme}{section.4}% 18
\BOOKMARK [2][-]{subsection.4.2}{Laufzeittests f\374r parallele Performanz in Julia}{section.4}% 19
\BOOKMARK [1][-]{section.5}{Schlusswort}{}% 20
